# JRE version: OpenJDK Runtime Environment (17.0.6) (build 17.0.6+0-b2043.56-10027231)
# Java VM: OpenJDK 64-Bit Server VM (17.0.6+0-b2043.56-10027231, mixed mode, tiered, compressed oops, compressed class ptrs, g1 gc, windows-amd64)
GC Precious Log:
 CPUs: 12 total, 12 available
 Memory: 16131M
 Large Page Support: Disabled
 NUMA Support: Disabled
 Compressed Oops: Enabled (32-bit)
 Heap Region Size: 1M
 Heap Min Capacity: 8M
 Heap Initial Capacity: 254M
 Heap Max Capacity: 2G
 Pre-touch: Disabled
 Parallel Workers: 10
 Concurrent Workers: 3
 Concurrent Refinement Workers: 10
 Periodic GC: Disabled
Heap:
 garbage-first heap   total 393216K, used 134713K [0x0000000080000000, 0x0000000100000000)
  region size 1024K, 12 young (12288K), 3 survivors (3072K)
 Metaspace       used 158216K, committed 159616K, reserved 1187840K
  class space    used 21503K, committed 22144K, reserved 1048576K
GC Heap History (20 events):
Event: 6322.972 GC heap after
{Heap after GC invocations=104 (full 1):
 garbage-first heap   total 393216K, used 149403K [0x0000000080000000, 0x0000000100000000)
  region size 1024K, 3 young (3072K), 3 survivors (3072K)
 Metaspace       used 156630K, committed 157632K, reserved 1187840K
  class space    used 21296K, committed 21760K, reserved 1048576K
}
Event: 6350.316 GC heap before
{Heap before GC invocations=104 (full 1):
 garbage-first heap   total 393216K, used 165787K [0x0000000080000000, 0x0000000100000000)
  region size 1024K, 19 young (19456K), 3 survivors (3072K)
 Metaspace       used 156638K, committed 157632K, reserved 1187840K
  class space    used 21296K, committed 21760K, reserved 1048576K
}
Event: 6350.318 GC heap after
{Heap after GC invocations=105 (full 1):
 garbage-first heap   total 393216K, used 148085K [0x0000000080000000, 0x0000000100000000)
  region size 1024K, 2 young (2048K), 2 survivors (2048K)
 Metaspace       used 156638K, committed 157632K, reserved 1187840K
  class space    used 21296K, committed 21760K, reserved 1048576K
}
Event: 6350.559 GC heap before
{Heap before GC invocations=105 (full 1):
 garbage-first heap   total 393216K, used 205429K [0x0000000080000000, 0x0000000100000000)
  region size 1024K, 59 young (60416K), 2 survivors (2048K)
 Metaspace       used 156743K, committed 157760K, reserved 1187840K
  class space    used 21297K, committed 21760K, reserved 1048576K
}
Event: 6350.563 GC heap after
{Heap after GC invocations=106 (full 1):
 garbage-first heap   total 393216K, used 154269K [0x0000000080000000, 0x0000000100000000)
  region size 1024K, 8 young (8192K), 8 survivors (8192K)
 Metaspace       used 156743K, committed 157760K, reserved 1187840K
  class space    used 21297K, committed 21760K, reserved 1048576K
}
Event: 6351.915 GC heap before
{Heap before GC invocations=107 (full 1):
 garbage-first heap   total 393216K, used 284317K [0x0000000080000000, 0x0000000100000000)
  region size 1024K, 125 young (128000K), 8 survivors (8192K)
 Metaspace       used 156872K, committed 157888K, reserved 1187840K
  class space    used 21297K, committed 21760K, reserved 1048576K
}
Event: 6351.916 GC heap after
{Heap after GC invocations=108 (full 1):
 garbage-first heap   total 393216K, used 126931K [0x0000000080000000, 0x0000000100000000)
  region size 1024K, 2 young (2048K), 2 survivors (2048K)
 Metaspace       used 156872K, committed 157888K, reserved 1187840K
  class space    used 21297K, committed 21760K, reserved 1048576K
}
Event: 6470.386 GC heap before
{Heap before GC invocations=108 (full 1):
 garbage-first heap   total 393216K, used 143315K [0x0000000080000000, 0x0000000100000000)
  region size 1024K, 19 young (19456K), 2 survivors (2048K)
 Metaspace       used 156915K, committed 157952K, reserved 1187840K
  class space    used 21301K, committed 21760K, reserved 1048576K
}
Event: 6470.388 GC heap after
{Heap after GC invocations=109 (full 1):
 garbage-first heap   total 393216K, used 116361K [0x0000000080000000, 0x0000000100000000)
  region size 1024K, 2 young (2048K), 2 survivors (2048K)
 Metaspace       used 156915K, committed 157952K, reserved 1187840K
  class space    used 21301K, committed 21760K, reserved 1048576K
}
Event: 6470.648 GC heap before
{Heap before GC invocations=109 (full 1):
 garbage-first heap   total 393216K, used 172681K [0x0000000080000000, 0x0000000100000000)
  region size 1024K, 59 young (60416K), 2 survivors (2048K)
 Metaspace       used 157265K, committed 158336K, reserved 1187840K
  class space    used 21346K, committed 21824K, reserved 1048576K
}
Event: 6470.653 GC heap after
{Heap after GC invocations=110 (full 1):
 garbage-first heap   total 393216K, used 123032K [0x0000000080000000, 0x0000000100000000)
  region size 1024K, 9 young (9216K), 9 survivors (9216K)
 Metaspace       used 157265K, committed 158336K, reserved 1187840K
  class space    used 21346K, committed 21824K, reserved 1048576K
}
Event: 6512.380 GC heap before
{Heap before GC invocations=111 (full 1):
 garbage-first heap   total 393216K, used 311448K [0x0000000080000000, 0x0000000100000000)
  region size 1024K, 163 young (166912K), 9 survivors (9216K)
 Metaspace       used 157933K, committed 159296K, reserved 1187840K
  class space    used 21502K, committed 22144K, reserved 1048576K
}
Event: 6512.384 GC heap after
{Heap after GC invocations=112 (full 1):
 garbage-first heap   total 393216K, used 118737K [0x0000000080000000, 0x0000000100000000)
  region size 1024K, 5 young (5120K), 5 survivors (5120K)
 Metaspace       used 157933K, committed 159296K, reserved 1187840K
  class space    used 21502K, committed 22144K, reserved 1048576K
}
Event: 6512.446 GC heap before
{Heap before GC invocations=112 (full 1):
 garbage-first heap   total 393216K, used 133073K [0x0000000080000000, 0x0000000100000000)
  region size 1024K, 19 young (19456K), 5 survivors (5120K)
 Metaspace       used 157964K, committed 159360K, reserved 1187840K
  class space    used 21502K, committed 22144K, reserved 1048576K
}
Event: 6512.449 GC heap after
{Heap after GC invocations=113 (full 1):
 garbage-first heap   total 393216K, used 118397K [0x0000000080000000, 0x0000000100000000)
  region size 1024K, 3 young (3072K), 3 survivors (3072K)
 Metaspace       used 157964K, committed 159360K, reserved 1187840K
  class space    used 21502K, committed 22144K, reserved 1048576K
}
Event: 6512.540 GC heap before
{Heap before GC invocations=113 (full 1):
 garbage-first heap   total 393216K, used 135805K [0x0000000080000000, 0x0000000100000000)
  region size 1024K, 21 young (21504K), 3 survivors (3072K)
 Metaspace       used 158040K, committed 159424K, reserved 1187840K
  class space    used 21502K, committed 22144K, reserved 1048576K
}
Event: 6512.543 GC heap after
{Heap after GC invocations=114 (full 1):
 garbage-first heap   total 393216K, used 120952K [0x0000000080000000, 0x0000000100000000)
  region size 1024K, 6 young (6144K), 6 survivors (6144K)
 Metaspace       used 158040K, committed 159424K, reserved 1187840K
  class space    used 21502K, committed 22144K, reserved 1048576K
}
Event: 7654.375 GC heap before
{Heap before GC invocations=115 (full 1):
 garbage-first heap   total 393216K, used 325752K [0x0000000080000000, 0x0000000100000000)
  region size 1024K, 176 young (180224K), 6 survivors (6144K)
 Metaspace       used 158197K, committed 159552K, reserved 1187840K
  class space    used 21502K, committed 22144K, reserved 1048576K
}
Event: 7654.381 GC heap after
{Heap after GC invocations=116 (full 1):
 garbage-first heap   total 393216K, used 125497K [0x0000000080000000, 0x0000000100000000)
  region size 1024K, 10 young (10240K), 10 survivors (10240K)
 Metaspace       used 158197K, committed 159552K, reserved 1187840K
  class space    used 21502K, committed 22144K, reserved 1048576K
}
Event: 7654.419 GC heap before
{Heap before GC invocations=116 (full 1):
 garbage-first heap   total 393216K, used 134713K [0x0000000080000000, 0x0000000100000000)
  region size 1024K, 19 young (19456K), 10 survivors (10240K)
 Metaspace       used 158216K, committed 159616K, reserved 1187840K
  class space    used 21503K, committed 22144K, reserved 1048576K
}

